<?xml version="1.0" encoding="UTF-8"?>
<!-- Generated by org.testng.reporters.JUnitXMLReporter -->
<testsuite ignored="0" hostname="LAPTOP-BA9NM6DM" failures="1" tests="6" name="Test" time="68.487" errors="0" timestamp="2023-03-13T16:20:32 CDT">
  <testcase classname="com.PageTestPackage.HomePageTest" name="testtitle" time="0.023">
    <failure type="java.lang.AssertionError" message="expected [Training] but found [QA/QE/SDET Training.]">
      <![CDATA[java.lang.AssertionError: expected [Training] but found [QA/QE/SDET Training.]
at com.PageTestPackage.HomePageTest.testtitle(HomePageTest.java:40)
at java.base/java.util.ArrayList.forEach(ArrayList.java:1507)
... Removed 33 stack frames]]>
    </failure>
  </testcase> <!-- testtitle -->
  <testcase classname="com.PageTestPackage.HomePageTest" name="testLogo" time="0.059"/>
  <testcase classname="com.PageTestPackage.HomePageTest" name="verifyTestStud" time="0.029"/>
  <testcase classname="com.PageTestPackage.HomePageTest" name="TestLoginPage" time="1.01"/>
  <testcase classname="com.PageTestPackage.LoginPageTest" name="verifyLoginTitleTest" time="0.006"/>
  <testcase classname="com.PageTestPackage.LoginPageTest" name="LoginTest" time="0.218"/>
</testsuite> <!-- Test -->
