<?xml version="1.0" encoding="UTF-8"?>
<!-- Generated by org.testng.reporters.JUnitXMLReporter -->
<testsuite ignored="0" hostname="LAPTOP-BA9NM6DM" failures="1" tests="5" name="Test" time="49.077" errors="0" timestamp="2023-03-22T03:30:48 CDT">
  <testcase classname="com.PageTestPackage.HomePageTest" name="testtitle" time="0.111">
    <failure type="java.lang.AssertionError" message="expected [Training] but found [QA/QE/SDET Training.]">
      <![CDATA[java.lang.AssertionError: expected [Training] but found [QA/QE/SDET Training.]
at com.PageTestPackage.HomePageTest.testtitle(HomePageTest.java:42)
at java.base/java.util.ArrayList.forEach(ArrayList.java:1507)
... Removed 33 stack frames]]>
    </failure>
  </testcase> <!-- testtitle -->
  <testcase classname="com.PageTestPackage.HomePageTest" name="testLogo" time="0.106"/>
  <testcase classname="com.PageTestPackage.HomePageTest" name="verifyTestStud" time="0.031"/>
  <testcase classname="com.PageTestPackage.HomePageTest" name="TestRegisterPage" time="0.716"/>
  <testcase classname="com.PageTestPackage.LoginPageTest" name="verifyLoginTitleTest" time="0.005"/>
</testsuite> <!-- Test -->
