<?xml version="1.0" encoding="UTF-8"?>
<testng-results ignored="0" total="4" passed="4" failed="0" skipped="0">
  <reporter-output>
  </reporter-output>
  <suite started-at="2023-03-13T00:25:19 CDT" name="Default suite" finished-at="2023-03-13T00:25:20 CDT" duration-ms="504">
    <groups>
    </groups>
    <test started-at="2023-03-13T00:25:19 CDT" name="Default test" finished-at="2023-03-13T00:25:20 CDT" duration-ms="504">
      <class name="com.UtilityPackage.New1">
        <test-method signature="Testcase(java.lang.String,java.lang.String,java.lang.String)[pri:0, instance:com.UtilityPackage.New1@1817d444]" started-at="2023-03-13T00:25:20 CDT" name="Testcase" data-provider="DataDriven" finished-at="2023-03-13T00:25:20 CDT" duration-ms="5" status="PASS">
          <params>
            <param index="0">
              <value>
                <![CDATA[Smitabhosale108@gmail.com ]]>
              </value>
            </param>
            <param index="1">
              <value>
                <![CDATA[Poo123bh]]>
              </value>
            </param>
            <param index="2">
              <value>
                <![CDATA[1]]>
              </value>
            </param>
          </params>
          <reporter-output>
          </reporter-output>
        </test-method> <!-- Testcase -->
        <test-method signature="Testcase(java.lang.String,java.lang.String,java.lang.String)[pri:0, instance:com.UtilityPackage.New1@1817d444]" started-at="2023-03-13T00:25:20 CDT" name="Testcase" data-provider="DataDriven" finished-at="2023-03-13T00:25:20 CDT" duration-ms="1" status="PASS">
          <params>
            <param index="0">
              <value>
                <![CDATA[abcd@gmail.com]]>
              </value>
            </param>
            <param index="1">
              <value>
                <![CDATA[dguhec]]>
              </value>
            </param>
            <param index="2">
              <value>
                <![CDATA[2]]>
              </value>
            </param>
          </params>
          <reporter-output>
          </reporter-output>
        </test-method> <!-- Testcase -->
        <test-method signature="Testcase(java.lang.String,java.lang.String,java.lang.String)[pri:0, instance:com.UtilityPackage.New1@1817d444]" started-at="2023-03-13T00:25:20 CDT" name="Testcase" data-provider="DataDriven" finished-at="2023-03-13T00:25:20 CDT" duration-ms="1" status="PASS">
          <params>
            <param index="0">
              <value>
                <![CDATA[kavita11@gmail.com]]>
              </value>
            </param>
            <param index="1">
              <value>
                <![CDATA[gherst]]>
              </value>
            </param>
            <param index="2">
              <value>
                <![CDATA[3]]>
              </value>
            </param>
          </params>
          <reporter-output>
          </reporter-output>
        </test-method> <!-- Testcase -->
        <test-method signature="Testcase(java.lang.String,java.lang.String,java.lang.String)[pri:0, instance:com.UtilityPackage.New1@1817d444]" started-at="2023-03-13T00:25:20 CDT" name="Testcase" data-provider="DataDriven" finished-at="2023-03-13T00:25:20 CDT" duration-ms="1" status="PASS">
          <params>
            <param index="0">
              <value>
                <![CDATA[bhosale123]]>
              </value>
            </param>
            <param index="1">
              <value>
                <![CDATA[loufjff]]>
              </value>
            </param>
            <param index="2">
              <value>
                <![CDATA[4]]>
              </value>
            </param>
          </params>
          <reporter-output>
          </reporter-output>
        </test-method> <!-- Testcase -->
      </class> <!-- com.UtilityPackage.New1 -->
    </test> <!-- Default test -->
  </suite> <!-- Default suite -->
</testng-results>
